# JRE version: OpenJDK Runtime Environment (8.0_141-b15) (build 1.8.0_141-BLFS-b15)
# Java VM: OpenJDK 64-Bit Server VM (25.141-b15 mixed mode linux-amd64 compressed oops)
Heap:
 PSYoungGen      total 18432K, used 172K [0x00000000eab00000, 0x00000000ec200000, 0x0000000100000000)
  eden space 14336K, 0% used [0x00000000eab00000,0x00000000eab1b2d0,0x00000000eb900000)
  from space 4096K, 1% used [0x00000000eb900000,0x00000000eb910000,0x00000000ebd00000)
  to   space 4608K, 0% used [0x00000000ebd80000,0x00000000ebd80000,0x00000000ec200000)
 ParOldGen       total 36864K, used 4499K [0x00000000c0000000, 0x00000000c2400000, 0x00000000eab00000)
  object space 36864K, 12% used [0x00000000c0000000,0x00000000c0464f50,0x00000000c2400000)
 Metaspace       used 18253K, capacity 18584K, committed 18816K, reserved 1067008K
  class space    used 2052K, capacity 2157K, committed 2176K, reserved 1048576K
GC Heap History (10 events):
Event: 1419.698 GC heap before
{Heap before GC invocations=5 (full 0):
 PSYoungGen      total 16384K, used 16371K [0x00000000eab00000, 0x00000000ebd00000, 0x0000000100000000)
  eden space 14336K, 99% used [0x00000000eab00000,0x00000000eb8fffb8,0x00000000eb900000)
  from space 2048K, 99% used [0x00000000ebb00000,0x00000000ebcfccd0,0x00000000ebd00000)
  to   space 2048K, 0% used [0x00000000eb900000,0x00000000eb900000,0x00000000ebb00000)
 ParOldGen       total 36864K, used 2394K [0x00000000c0000000, 0x00000000c2400000, 0x00000000eab00000)
  object space 36864K, 6% used [0x00000000c0000000,0x00000000c0256810,0x00000000c2400000)
 Metaspace       used 17960K, capacity 18220K, committed 18560K, reserved 1064960K
  class space    used 2010K, capacity 2123K, committed 2176K, reserved 1048576K
Event: 1419.711 GC heap after
Heap after GC invocations=5 (full 0):
 PSYoungGen      total 16384K, used 2038K [0x00000000eab00000, 0x00000000ec000000, 0x0000000100000000)
  eden space 14336K, 0% used [0x00000000eab00000,0x00000000eab00000,0x00000000eb900000)
  from space 2048K, 99% used [0x00000000eb900000,0x00000000ebafd800,0x00000000ebb00000)
  to   space 3584K, 0% used [0x00000000ebc80000,0x00000000ebc80000,0x00000000ec000000)
 ParOldGen       total 36864K, used 3233K [0x00000000c0000000, 0x00000000c2400000, 0x00000000eab00000)
  object space 36864K, 8% used [0x00000000c0000000,0x00000000c0328460,0x00000000c2400000)
 Metaspace       used 17960K, capacity 18220K, committed 18560K, reserved 1064960K
  class space    used 2010K, capacity 2123K, committed 2176K, reserved 1048576K
}
Event: 1654.909 GC heap before
{Heap before GC invocations=6 (full 0):
 PSYoungGen      total 16384K, used 16374K [0x00000000eab00000, 0x00000000ec000000, 0x0000000100000000)
  eden space 14336K, 100% used [0x00000000eab00000,0x00000000eb900000,0x00000000eb900000)
  from space 2048K, 99% used [0x00000000eb900000,0x00000000ebafd800,0x00000000ebb00000)
  to   space 3584K, 0% used [0x00000000ebc80000,0x00000000ebc80000,0x00000000ec000000)
 ParOldGen       total 36864K, used 3233K [0x00000000c0000000, 0x00000000c2400000, 0x00000000eab00000)
  object space 36864K, 8% used [0x00000000c0000000,0x00000000c0328460,0x00000000c2400000)
 Metaspace       used 18181K, capacity 18520K, committed 18816K, reserved 1067008K
  class space    used 2048K, capacity 2157K, committed 2176K, reserved 1048576K
Event: 1654.918 GC heap after
Heap after GC invocations=6 (full 0):
 PSYoungGen      total 17920K, used 1738K [0x00000000eab00000, 0x00000000ec000000, 0x0000000100000000)
  eden space 14336K, 0% used [0x00000000eab00000,0x00000000eab00000,0x00000000eb900000)
  from space 3584K, 48% used [0x00000000ebc80000,0x00000000ebe328f0,0x00000000ec000000)
  to   space 3584K, 0% used [0x00000000eb900000,0x00000000eb900000,0x00000000ebc80000)
 ParOldGen       total 36864K, used 3241K [0x00000000c0000000, 0x00000000c2400000, 0x00000000eab00000)
  object space 36864K, 8% used [0x00000000c0000000,0x00000000c032a460,0x00000000c2400000)
 Metaspace       used 18181K, capacity 18520K, committed 18816K, reserved 1067008K
  class space    used 2048K, capacity 2157K, committed 2176K, reserved 1048576K
}
Event: 2083.708 GC heap before
{Heap before GC invocations=7 (full 0):
 PSYoungGen      total 17920K, used 16074K [0x00000000eab00000, 0x00000000ec000000, 0x0000000100000000)
  eden space 14336K, 100% used [0x00000000eab00000,0x00000000eb900000,0x00000000eb900000)
  from space 3584K, 48% used [0x00000000ebc80000,0x00000000ebe328f0,0x00000000ec000000)
  to   space 3584K, 0% used [0x00000000eb900000,0x00000000eb900000,0x00000000ebc80000)
 ParOldGen       total 36864K, used 3241K [0x00000000c0000000, 0x00000000c2400000, 0x00000000eab00000)
  object space 36864K, 8% used [0x00000000c0000000,0x00000000c032a460,0x00000000c2400000)
 Metaspace       used 18183K, capacity 18520K, committed 18816K, reserved 1067008K
  class space    used 2048K, capacity 2157K, committed 2176K, reserved 1048576K
Event: 2083.715 GC heap after
Heap after GC invocations=7 (full 0):
 PSYoungGen      total 17920K, used 384K [0x00000000eab00000, 0x00000000ec100000, 0x0000000100000000)
  eden space 14336K, 0% used [0x00000000eab00000,0x00000000eab00000,0x00000000eb900000)
  from space 3584K, 10% used [0x00000000eb900000,0x00000000eb960000,0x00000000ebc80000)
  to   space 4096K, 0% used [0x00000000ebd00000,0x00000000ebd00000,0x00000000ec100000)
 ParOldGen       total 36864K, used 4195K [0x00000000c0000000, 0x00000000c2400000, 0x00000000eab00000)
  object space 36864K, 11% used [0x00000000c0000000,0x00000000c0418d20,0x00000000c2400000)
 Metaspace       used 18183K, capacity 18520K, committed 18816K, reserved 1067008K
  class space    used 2048K, capacity 2157K, committed 2176K, reserved 1048576K
}
Event: 2604.708 GC heap before
{Heap before GC invocations=8 (full 0):
 PSYoungGen      total 17920K, used 14720K [0x00000000eab00000, 0x00000000ec100000, 0x0000000100000000)
  eden space 14336K, 100% used [0x00000000eab00000,0x00000000eb900000,0x00000000eb900000)
  from space 3584K, 10% used [0x00000000eb900000,0x00000000eb960000,0x00000000ebc80000)
  to   space 4096K, 0% used [0x00000000ebd00000,0x00000000ebd00000,0x00000000ec100000)
 ParOldGen       total 36864K, used 4195K [0x00000000c0000000, 0x00000000c2400000, 0x00000000eab00000)
  object space 36864K, 11% used [0x00000000c0000000,0x00000000c0418d20,0x00000000c2400000)
 Metaspace       used 18212K, capacity 18520K, committed 18816K, reserved 1067008K
  class space    used 2048K, capacity 2157K, committed 2176K, reserved 1048576K
Event: 2604.711 GC heap after
Heap after GC invocations=8 (full 0):
 PSYoungGen      total 18432K, used 160K [0x00000000eab00000, 0x00000000ec100000, 0x0000000100000000)
  eden space 14336K, 0% used [0x00000000eab00000,0x00000000eab00000,0x00000000eb900000)
  from space 4096K, 3% used [0x00000000ebd00000,0x00000000ebd28000,0x00000000ec100000)
  to   space 4096K, 0% used [0x00000000eb900000,0x00000000eb900000,0x00000000ebd00000)
 ParOldGen       total 36864K, used 4459K [0x00000000c0000000, 0x00000000c2400000, 0x00000000eab00000)
  object space 36864K, 12% used [0x00000000c0000000,0x00000000c045ad20,0x00000000c2400000)
 Metaspace       used 18212K, capacity 18520K, committed 18816K, reserved 1067008K
  class space    used 2048K, capacity 2157K, committed 2176K, reserved 1048576K
}
Event: 11536.503 GC heap before
{Heap before GC invocations=9 (full 0):
 PSYoungGen      total 18432K, used 14496K [0x00000000eab00000, 0x00000000ec100000, 0x0000000100000000)
  eden space 14336K, 100% used [0x00000000eab00000,0x00000000eb900000,0x00000000eb900000)
  from space 4096K, 3% used [0x00000000ebd00000,0x00000000ebd28000,0x00000000ec100000)
  to   space 4096K, 0% used [0x00000000eb900000,0x00000000eb900000,0x00000000ebd00000)
 ParOldGen       total 36864K, used 4459K [0x00000000c0000000, 0x00000000c2400000, 0x00000000eab00000)
  object space 36864K, 12% used [0x00000000c0000000,0x00000000c045ad20,0x00000000c2400000)
 Metaspace       used 18245K, capacity 18584K, committed 18816K, reserved 1067008K
  class space    used 2052K, capacity 2157K, committed 2176K, reserved 1048576K
Event: 11536.512 GC heap after
Heap after GC invocations=9 (full 0):
 PSYoungGen      total 18432K, used 64K [0x00000000eab00000, 0x00000000ec200000, 0x0000000100000000)
  eden space 14336K, 0% used [0x00000000eab00000,0x00000000eab00000,0x00000000eb900000)
  from space 4096K, 1% used [0x00000000eb900000,0x00000000eb910000,0x00000000ebd00000)
  to   space 4608K, 0% used [0x00000000ebd80000,0x00000000ebd80000,0x00000000ec200000)
 ParOldGen       total 36864K, used 4499K [0x00000000c0000000, 0x00000000c2400000, 0x00000000eab00000)
  object space 36864K, 12% used [0x00000000c0000000,0x00000000c0464f50,0x00000000c2400000)
 Metaspace       used 18245K, capacity 18584K, committed 18816K, reserved 1067008K
  class space    used 2052K, capacity 2157K, committed 2176K, reserved 1048576K
}

