# JRE version: OpenJDK Runtime Environment (8.0_141-b15) (build 1.8.0_141-BLFS-b15)
# Java VM: OpenJDK 64-Bit Server VM (25.141-b15 mixed mode linux-amd64 compressed oops)
Heap:
 PSYoungGen      total 14848K, used 4429K [0x00000000eab00000, 0x00000000ebc00000, 0x0000000100000000)
  eden space 14336K, 29% used [0x00000000eab00000,0x00000000eaf2b7a0,0x00000000eb900000)
  from space 512K, 31% used [0x00000000eb900000,0x00000000eb928000,0x00000000eb980000)
  to   space 1536K, 0% used [0x00000000eba80000,0x00000000eba80000,0x00000000ebc00000)
 ParOldGen       total 36864K, used 3094K [0x00000000c0000000, 0x00000000c2400000, 0x00000000eab00000)
  object space 36864K, 8% used [0x00000000c0000000,0x00000000c0305800,0x00000000c2400000)
 Metaspace       used 13903K, capacity 14184K, committed 14592K, reserved 1062912K
  class space    used 1591K, capacity 1689K, committed 1792K, reserved 1048576K
GC Heap History (10 events):
Event: 13018.794 GC heap before
{Heap before GC invocations=25 (full 0):
 PSYoungGen      total 15872K, used 14400K [0x00000000eab00000, 0x00000000ebd00000, 0x0000000100000000)
  eden space 14336K, 100% used [0x00000000eab00000,0x00000000eb900000,0x00000000eb900000)
  from space 1536K, 4% used [0x00000000ebb80000,0x00000000ebb90000,0x00000000ebd00000)
  to   space 2048K, 0% used [0x00000000eb900000,0x00000000eb900000,0x00000000ebb00000)
 ParOldGen       total 36864K, used 2990K [0x00000000c0000000, 0x00000000c2400000, 0x00000000eab00000)
  object space 36864K, 8% used [0x00000000c0000000,0x00000000c02eb800,0x00000000c2400000)
 Metaspace       used 13616K, capacity 13832K, committed 13952K, reserved 1060864K
  class space    used 1560K, capacity 1657K, committed 1664K, reserved 1048576K
Event: 13018.797 GC heap after
Heap after GC invocations=25 (full 0):
 PSYoungGen      total 16384K, used 128K [0x00000000eab00000, 0x00000000ebd00000, 0x0000000100000000)
  eden space 14336K, 0% used [0x00000000eab00000,0x00000000eab00000,0x00000000eb900000)
  from space 2048K, 6% used [0x00000000eb900000,0x00000000eb920000,0x00000000ebb00000)
  to   space 2048K, 0% used [0x00000000ebb00000,0x00000000ebb00000,0x00000000ebd00000)
 ParOldGen       total 36864K, used 3006K [0x00000000c0000000, 0x00000000c2400000, 0x00000000eab00000)
  object space 36864K, 8% used [0x00000000c0000000,0x00000000c02ef800,0x00000000c2400000)
 Metaspace       used 13616K, capacity 13832K, committed 13952K, reserved 1060864K
  class space    used 1560K, capacity 1657K, committed 1664K, reserved 1048576K
}
Event: 13134.796 GC heap before
{Heap before GC invocations=26 (full 0):
 PSYoungGen      total 16384K, used 14464K [0x00000000eab00000, 0x00000000ebd00000, 0x0000000100000000)
  eden space 14336K, 100% used [0x00000000eab00000,0x00000000eb900000,0x00000000eb900000)
  from space 2048K, 6% used [0x00000000eb900000,0x00000000eb920000,0x00000000ebb00000)
  to   space 2048K, 0% used [0x00000000ebb00000,0x00000000ebb00000,0x00000000ebd00000)
 ParOldGen       total 36864K, used 3006K [0x00000000c0000000, 0x00000000c2400000, 0x00000000eab00000)
  object space 36864K, 8% used [0x00000000c0000000,0x00000000c02ef800,0x00000000c2400000)
 Metaspace       used 13647K, capacity 13832K, committed 13952K, reserved 1060864K
  class space    used 1560K, capacity 1657K, committed 1664K, reserved 1048576K
Event: 13134.800 GC heap after
Heap after GC invocations=26 (full 0):
 PSYoungGen      total 16384K, used 32K [0x00000000eab00000, 0x00000000ebd00000, 0x0000000100000000)
  eden space 14336K, 0% used [0x00000000eab00000,0x00000000eab00000,0x00000000eb900000)
  from space 2048K, 1% used [0x00000000ebb00000,0x00000000ebb08000,0x00000000ebd00000)
  to   space 2048K, 0% used [0x00000000eb900000,0x00000000eb900000,0x00000000ebb00000)
 ParOldGen       total 36864K, used 3038K [0x00000000c0000000, 0x00000000c2400000, 0x00000000eab00000)
  object space 36864K, 8% used [0x00000000c0000000,0x00000000c02f7800,0x00000000c2400000)
 Metaspace       used 13647K, capacity 13832K, committed 13952K, reserved 1060864K
  class space    used 1560K, capacity 1657K, committed 1664K, reserved 1048576K
}
Event: 13261.792 GC heap before
{Heap before GC invocations=27 (full 0):
 PSYoungGen      total 16384K, used 14368K [0x00000000eab00000, 0x00000000ebd00000, 0x0000000100000000)
  eden space 14336K, 100% used [0x00000000eab00000,0x00000000eb900000,0x00000000eb900000)
  from space 2048K, 1% used [0x00000000ebb00000,0x00000000ebb08000,0x00000000ebd00000)
  to   space 2048K, 0% used [0x00000000eb900000,0x00000000eb900000,0x00000000ebb00000)
 ParOldGen       total 36864K, used 3038K [0x00000000c0000000, 0x00000000c2400000, 0x00000000eab00000)
  object space 36864K, 8% used [0x00000000c0000000,0x00000000c02f7800,0x00000000c2400000)
 Metaspace       used 13661K, capacity 13896K, committed 14208K, reserved 1062912K
  class space    used 1560K, capacity 1657K, committed 1664K, reserved 1048576K
Event: 13261.794 GC heap after
Heap after GC invocations=27 (full 0):
 PSYoungGen      total 16384K, used 64K [0x00000000eab00000, 0x00000000ebd00000, 0x0000000100000000)
  eden space 14336K, 0% used [0x00000000eab00000,0x00000000eab00000,0x00000000eb900000)
  from space 2048K, 3% used [0x00000000eb900000,0x00000000eb910000,0x00000000ebb00000)
  to   space 2048K, 0% used [0x00000000ebb00000,0x00000000ebb00000,0x00000000ebd00000)
 ParOldGen       total 36864K, used 3046K [0x00000000c0000000, 0x00000000c2400000, 0x00000000eab00000)
  object space 36864K, 8% used [0x00000000c0000000,0x00000000c02f9800,0x00000000c2400000)
 Metaspace       used 13661K, capacity 13896K, committed 14208K, reserved 1062912K
  class space    used 1560K, capacity 1657K, committed 1664K, reserved 1048576K
}
Event: 13402.792 GC heap before
{Heap before GC invocations=28 (full 0):
 PSYoungGen      total 16384K, used 14400K [0x00000000eab00000, 0x00000000ebd00000, 0x0000000100000000)
  eden space 14336K, 100% used [0x00000000eab00000,0x00000000eb900000,0x00000000eb900000)
  from space 2048K, 3% used [0x00000000eb900000,0x00000000eb910000,0x00000000ebb00000)
  to   space 2048K, 0% used [0x00000000ebb00000,0x00000000ebb00000,0x00000000ebd00000)
 ParOldGen       total 36864K, used 3046K [0x00000000c0000000, 0x00000000c2400000, 0x00000000eab00000)
  object space 36864K, 8% used [0x00000000c0000000,0x00000000c02f9800,0x00000000c2400000)
 Metaspace       used 13662K, capacity 13896K, committed 14208K, reserved 1062912K
  class space    used 1560K, capacity 1657K, committed 1664K, reserved 1048576K
Event: 13402.794 GC heap after
Heap after GC invocations=28 (full 0):
 PSYoungGen      total 16384K, used 128K [0x00000000eab00000, 0x00000000ebd00000, 0x0000000100000000)
  eden space 14336K, 0% used [0x00000000eab00000,0x00000000eab00000,0x00000000eb900000)
  from space 2048K, 6% used [0x00000000ebb00000,0x00000000ebb20000,0x00000000ebd00000)
  to   space 2048K, 0% used [0x00000000eb900000,0x00000000eb900000,0x00000000ebb00000)
 ParOldGen       total 36864K, used 3070K [0x00000000c0000000, 0x00000000c2400000, 0x00000000eab00000)
  object space 36864K, 8% used [0x00000000c0000000,0x00000000c02ff800,0x00000000c2400000)
 Metaspace       used 13662K, capacity 13896K, committed 14208K, reserved 1062912K
  class space    used 1560K, capacity 1657K, committed 1664K, reserved 1048576K
}
Event: 13714.793 GC heap before
{Heap before GC invocations=29 (full 0):
 PSYoungGen      total 16384K, used 14464K [0x00000000eab00000, 0x00000000ebd00000, 0x0000000100000000)
  eden space 14336K, 100% used [0x00000000eab00000,0x00000000eb900000,0x00000000eb900000)
  from space 2048K, 6% used [0x00000000ebb00000,0x00000000ebb20000,0x00000000ebd00000)
  to   space 2048K, 0% used [0x00000000eb900000,0x00000000eb900000,0x00000000ebb00000)
 ParOldGen       total 36864K, used 3070K [0x00000000c0000000, 0x00000000c2400000, 0x00000000eab00000)
  object space 36864K, 8% used [0x00000000c0000000,0x00000000c02ff800,0x00000000c2400000)
 Metaspace       used 13901K, capacity 14184K, committed 14592K, reserved 1062912K
  class space    used 1591K, capacity 1689K, committed 1792K, reserved 1048576K
Event: 13714.795 GC heap after
Heap after GC invocations=29 (full 0):
 PSYoungGen      total 14848K, used 160K [0x00000000eab00000, 0x00000000ebc00000, 0x0000000100000000)
  eden space 14336K, 0% used [0x00000000eab00000,0x00000000eab00000,0x00000000eb900000)
  from space 512K, 31% used [0x00000000eb900000,0x00000000eb928000,0x00000000eb980000)
  to   space 1536K, 0% used [0x00000000eba80000,0x00000000eba80000,0x00000000ebc00000)
 ParOldGen       total 36864K, used 3094K [0x00000000c0000000, 0x00000000c2400000, 0x00000000eab00000)
  object space 36864K, 8% used [0x00000000c0000000,0x00000000c0305800,0x00000000c2400000)
 Metaspace       used 13901K, capacity 14184K, committed 14592K, reserved 1062912K
  class space    used 1591K, capacity 1689K, committed 1792K, reserved 1048576K
}

